0 info it worked if it ends with ok
1 verbose cli [
1 verbose cli   'C:\\Users\\hunte\\node_modules\\node\\bin\\node.exe',
1 verbose cli   'C:\\Users\\hunte\\node_modules\\npm\\bin\\npm-cli.js',
1 verbose cli   'run',
1 verbose cli   'dev'
1 verbose cli ]
2 info using npm@2.15.12
3 info using node@v15.12.0
4 verbose run-script [ 'predev', 'dev', 'postdev' ]
5 info predev server@1.0.0
6 info dev server@1.0.0
7 verbose unsafe-perm in lifecycle true
8 info server@1.0.0 Failed to exec dev script
9 verbose stack Error: server@1.0.0 dev: `cross-env NODE_ENV=development node -r dotenv/config -r ts-node/register ./src/index.ts`
9 verbose stack Exit status 1
9 verbose stack     at EventEmitter.<anonymous> (C:\Users\hunte\node_modules\npm\lib\utils\lifecycle.js:217:16)
9 verbose stack     at EventEmitter.emit (node:events:369:20)
9 verbose stack     at ChildProcess.<anonymous> (C:\Users\hunte\node_modules\npm\lib\utils\spawn.js:24:14)
9 verbose stack     at ChildProcess.emit (node:events:369:20)
9 verbose stack     at maybeClose (node:internal/child_process:1067:16)
9 verbose stack     at Process.ChildProcess._handle.onexit (node:internal/child_process:301:5)
10 verbose pkgid server@1.0.0
11 verbose cwd C:\Users\hunte\Desktop\PROJECTS\fitness-app\Server
12 error Windows_NT 10.0.19041
13 error argv "C:\\Users\\hunte\\node_modules\\node\\bin\\node.exe" "C:\\Users\\hunte\\node_modules\\npm\\bin\\npm-cli.js" "run" "dev"
14 error node v15.12.0
15 error npm  v2.15.12
16 error code ELIFECYCLE
17 error server@1.0.0 dev: `cross-env NODE_ENV=development node -r dotenv/config -r ts-node/register ./src/index.ts`
17 error Exit status 1
18 error Failed at the server@1.0.0 dev script 'cross-env NODE_ENV=development node -r dotenv/config -r ts-node/register ./src/index.ts'.
18 error This is most likely a problem with the server package,
18 error not with npm itself.
18 error Tell the author that this fails on your system:
18 error     cross-env NODE_ENV=development node -r dotenv/config -r ts-node/register ./src/index.ts
18 error You can get information on how to open an issue for this project with:
18 error     npm bugs server
18 error Or if that isn't available, you can get their info via:
18 error
18 error     npm owner ls server
18 error There is likely additional logging output above.
19 verbose exit [ 1, true ]
